2024-03-25T01:18:12.360-05:00  INFO 27881 --- [spring-gradle-rest-api-template] [restartedMain] org.squidmin.spring.gradle.Application   : Starting Application using Java 17.0.8 with PID 27881 (/Users/admin/Documents/00_code-repos/spring-gradle-rest-api-template/build/classes/java/main started by admin in /Users/admin/Documents/00_code-repos/spring-gradle-rest-api-template)
2024-03-25T01:18:12.361-05:00 DEBUG 27881 --- [spring-gradle-rest-api-template] [restartedMain] org.squidmin.spring.gradle.Application   : Running with Spring Boot v3.2.4, Spring v6.1.5
2024-03-25T01:18:12.362-05:00  INFO 27881 --- [spring-gradle-rest-api-template] [restartedMain] org.squidmin.spring.gradle.Application   : The following 1 profile is active: "local"
2024-03-25T01:18:12.394-05:00  INFO 27881 --- [spring-gradle-rest-api-template] [restartedMain] .e.DevToolsPropertyDefaultsPostProcessor : Devtools property defaults active! Set 'spring.devtools.add-properties' to 'false' to disable
2024-03-25T01:18:12.394-05:00  INFO 27881 --- [spring-gradle-rest-api-template] [restartedMain] .e.DevToolsPropertyDefaultsPostProcessor : For additional web related logging consider setting the 'logging.level.web' property to 'DEBUG'
2024-03-25T01:18:12.861-05:00  INFO 27881 --- [spring-gradle-rest-api-template] [restartedMain] o.s.cloud.context.scope.GenericScope     : BeanFactory id=fac313c0-30f5-3aa2-8b35-b880ff74cd4c
2024-03-25T01:18:13.140-05:00  INFO 27881 --- [spring-gradle-rest-api-template] [restartedMain] o.s.b.w.embedded.tomcat.TomcatWebServer  : Tomcat initialized with port 8080 (http)
2024-03-25T01:18:13.147-05:00  INFO 27881 --- [spring-gradle-rest-api-template] [restartedMain] o.apache.catalina.core.StandardService   : Starting service [Tomcat]
2024-03-25T01:18:13.147-05:00  INFO 27881 --- [spring-gradle-rest-api-template] [restartedMain] o.apache.catalina.core.StandardEngine    : Starting Servlet engine: [Apache Tomcat/10.1.19]
2024-03-25T01:18:13.178-05:00  INFO 27881 --- [spring-gradle-rest-api-template] [restartedMain] o.a.c.c.C.[Tomcat].[localhost].[/]       : Initializing Spring embedded WebApplicationContext
2024-03-25T01:18:13.178-05:00  INFO 27881 --- [spring-gradle-rest-api-template] [restartedMain] w.s.c.ServletWebServerApplicationContext : Root WebApplicationContext: initialization completed in 784 ms
2024-03-25T01:18:13.216-05:00  INFO 27881 --- [spring-gradle-rest-api-template] [restartedMain] c.g.c.s.a.c.GcpContextAutoConfiguration  : The default project ID is lofty-root-378503
2024-03-25T01:18:13.249-05:00  INFO 27881 --- [spring-gradle-rest-api-template] [restartedMain] c.g.c.s.core.DefaultCredentialsProvider  : Default credentials provider for user 764086051850-6qr4p6gpi6hn506pt8ejuq83di341hur.apps.googleusercontent.com
2024-03-25T01:18:13.249-05:00  INFO 27881 --- [spring-gradle-rest-api-template] [restartedMain] c.g.c.s.core.DefaultCredentialsProvider  : Scopes in use by default credentials: [https://www.googleapis.com/auth/pubsub, https://www.googleapis.com/auth/spanner.admin, https://www.googleapis.com/auth/spanner.data, https://www.googleapis.com/auth/datastore, https://www.googleapis.com/auth/sqlservice.admin, https://www.googleapis.com/auth/devstorage.read_only, https://www.googleapis.com/auth/devstorage.read_write, https://www.googleapis.com/auth/cloudruntimeconfig, https://www.googleapis.com/auth/trace.append, https://www.googleapis.com/auth/cloud-platform, https://www.googleapis.com/auth/cloud-vision, https://www.googleapis.com/auth/bigquery, https://www.googleapis.com/auth/monitoring.write]
2024-03-25T01:18:14.310-05:00  WARN 27881 --- [spring-gradle-rest-api-template] [restartedMain] o.s.b.d.a.OptionalLiveReloadServer       : Unable to start LiveReload server
2024-03-25T01:18:14.362-05:00  INFO 27881 --- [spring-gradle-rest-api-template] [restartedMain] o.s.b.w.embedded.tomcat.TomcatWebServer  : Tomcat started on port 8080 (http) with context path ''
2024-03-25T01:18:14.371-05:00  INFO 27881 --- [spring-gradle-rest-api-template] [restartedMain] org.squidmin.spring.gradle.Application   : Started Application in 2.325 seconds (process running for 2.78)
2024-03-25T01:18:22.695-05:00  INFO 27881 --- [spring-gradle-rest-api-template] [http-nio-8080-exec-2] o.a.c.c.C.[Tomcat].[localhost].[/]       : Initializing Spring DispatcherServlet 'dispatcherServlet'
2024-03-25T01:18:22.696-05:00  INFO 27881 --- [spring-gradle-rest-api-template] [http-nio-8080-exec-2] o.s.web.servlet.DispatcherServlet        : Initializing Servlet 'dispatcherServlet'
2024-03-25T01:18:22.697-05:00  INFO 27881 --- [spring-gradle-rest-api-template] [http-nio-8080-exec-2] o.s.web.servlet.DispatcherServlet        : Completed initialization in 0 ms
2024-03-25T01:20:45.612-05:00  INFO 27909 --- [spring-gradle-rest-api-template] [restartedMain] org.squidmin.spring.gradle.Application   : Starting Application using Java 17.0.8 with PID 27909 (/Users/admin/Documents/00_code-repos/spring-gradle-rest-api-template/build/classes/java/main started by admin in /Users/admin/Documents/00_code-repos/spring-gradle-rest-api-template)
2024-03-25T01:20:45.614-05:00 DEBUG 27909 --- [spring-gradle-rest-api-template] [restartedMain] org.squidmin.spring.gradle.Application   : Running with Spring Boot v3.2.4, Spring v6.1.5
2024-03-25T01:20:45.614-05:00  INFO 27909 --- [spring-gradle-rest-api-template] [restartedMain] org.squidmin.spring.gradle.Application   : The following 1 profile is active: "local"
2024-03-25T01:20:45.646-05:00  INFO 27909 --- [spring-gradle-rest-api-template] [restartedMain] .e.DevToolsPropertyDefaultsPostProcessor : Devtools property defaults active! Set 'spring.devtools.add-properties' to 'false' to disable
2024-03-25T01:20:45.646-05:00  INFO 27909 --- [spring-gradle-rest-api-template] [restartedMain] .e.DevToolsPropertyDefaultsPostProcessor : For additional web related logging consider setting the 'logging.level.web' property to 'DEBUG'
2024-03-25T01:20:46.096-05:00  INFO 27909 --- [spring-gradle-rest-api-template] [restartedMain] o.s.cloud.context.scope.GenericScope     : BeanFactory id=fac313c0-30f5-3aa2-8b35-b880ff74cd4c
2024-03-25T01:20:46.391-05:00  INFO 27909 --- [spring-gradle-rest-api-template] [restartedMain] o.s.b.w.embedded.tomcat.TomcatWebServer  : Tomcat initialized with port 8080 (http)
2024-03-25T01:20:46.397-05:00  INFO 27909 --- [spring-gradle-rest-api-template] [restartedMain] o.apache.catalina.core.StandardService   : Starting service [Tomcat]
2024-03-25T01:20:46.397-05:00  INFO 27909 --- [spring-gradle-rest-api-template] [restartedMain] o.apache.catalina.core.StandardEngine    : Starting Servlet engine: [Apache Tomcat/10.1.19]
2024-03-25T01:20:46.431-05:00  INFO 27909 --- [spring-gradle-rest-api-template] [restartedMain] o.a.c.c.C.[Tomcat].[localhost].[/]       : Initializing Spring embedded WebApplicationContext
2024-03-25T01:20:46.432-05:00  INFO 27909 --- [spring-gradle-rest-api-template] [restartedMain] w.s.c.ServletWebServerApplicationContext : Root WebApplicationContext: initialization completed in 785 ms
2024-03-25T01:20:46.473-05:00  INFO 27909 --- [spring-gradle-rest-api-template] [restartedMain] c.g.c.s.a.c.GcpContextAutoConfiguration  : The default project ID is lofty-root-378503
2024-03-25T01:20:46.501-05:00  INFO 27909 --- [spring-gradle-rest-api-template] [restartedMain] c.g.c.s.core.DefaultCredentialsProvider  : Default credentials provider for user 764086051850-6qr4p6gpi6hn506pt8ejuq83di341hur.apps.googleusercontent.com
2024-03-25T01:20:46.501-05:00  INFO 27909 --- [spring-gradle-rest-api-template] [restartedMain] c.g.c.s.core.DefaultCredentialsProvider  : Scopes in use by default credentials: [https://www.googleapis.com/auth/pubsub, https://www.googleapis.com/auth/spanner.admin, https://www.googleapis.com/auth/spanner.data, https://www.googleapis.com/auth/datastore, https://www.googleapis.com/auth/sqlservice.admin, https://www.googleapis.com/auth/devstorage.read_only, https://www.googleapis.com/auth/devstorage.read_write, https://www.googleapis.com/auth/cloudruntimeconfig, https://www.googleapis.com/auth/trace.append, https://www.googleapis.com/auth/cloud-platform, https://www.googleapis.com/auth/cloud-vision, https://www.googleapis.com/auth/bigquery, https://www.googleapis.com/auth/monitoring.write]
2024-03-25T01:20:47.496-05:00  WARN 27909 --- [spring-gradle-rest-api-template] [restartedMain] o.s.b.d.a.OptionalLiveReloadServer       : Unable to start LiveReload server
2024-03-25T01:20:47.549-05:00  INFO 27909 --- [spring-gradle-rest-api-template] [restartedMain] o.s.b.w.embedded.tomcat.TomcatWebServer  : Tomcat started on port 8080 (http) with context path ''
2024-03-25T01:20:47.559-05:00  INFO 27909 --- [spring-gradle-rest-api-template] [restartedMain] org.squidmin.spring.gradle.Application   : Started Application in 2.243 seconds (process running for 2.669)
2024-03-25T01:20:58.673-05:00  INFO 27909 --- [spring-gradle-rest-api-template] [http-nio-8080-exec-1] o.a.c.c.C.[Tomcat].[localhost].[/]       : Initializing Spring DispatcherServlet 'dispatcherServlet'
2024-03-25T01:20:58.673-05:00  INFO 27909 --- [spring-gradle-rest-api-template] [http-nio-8080-exec-1] o.s.web.servlet.DispatcherServlet        : Initializing Servlet 'dispatcherServlet'
2024-03-25T01:20:58.674-05:00  INFO 27909 --- [spring-gradle-rest-api-template] [http-nio-8080-exec-1] o.s.web.servlet.DispatcherServlet        : Completed initialization in 1 ms
2024-03-25T01:20:58.702-05:00  INFO 27909 --- [spring-gradle-rest-api-template] [http-nio-8080-exec-1] o.s.s.gradle.controller.PubController    : Publishing message: {
  "id": "123",
  "type": "TestMessage",
  "content": "This is a test message."
}

